<?xml version="1.0" encoding="UTF-8"?>
<!-- Generated by org.testng.reporters.JUnitXMLReporter -->
<testsuite hostname="Mustafa" name="Default test(failed)" tests="1" failures="1" timestamp="19 Feb 2023 13:33:12 GMT" time="3.778" errors="0">
  <testcase name="deleteMethod" time="3.753" classname="com.test.ReqRes">
    <failure type="java.lang.NullPointerException">
      <![CDATA[java.lang.NullPointerException
	at com.test.ReqRes.deleteMethod(ReqRes.java:90)
... Removed 25 stack frames]]>
    </failure>
  </testcase> <!-- deleteMethod -->
</testsuite> <!-- Default test(failed) -->
