<?xml version="1.0" encoding="UTF-8"?>
<testng-results skipped="0" failed="0" total="1" passed="1">
  <reporter-output>
  </reporter-output>
  <suite name="Default suite" duration-ms="3169" started-at="2023-02-23T11:52:27Z" finished-at="2023-02-23T11:52:30Z">
    <groups>
    </groups>
    <test name="Default test" duration-ms="3169" started-at="2023-02-23T11:52:27Z" finished-at="2023-02-23T11:52:30Z">
      <class name="com.demo.MyAPILocalHost3000">
        <test-method status="PASS" signature="getMethod()[pri:2, instance:com.demo.MyAPILocalHost3000@29774679]" name="getMethod" duration-ms="3156" started-at="2023-02-23T17:22:27Z" finished-at="2023-02-23T17:22:30Z">
          <reporter-output>
          </reporter-output>
        </test-method> <!-- getMethod -->
      </class> <!-- com.demo.MyAPILocalHost3000 -->
    </test> <!-- Default test -->
  </suite> <!-- Default suite -->
</testng-results>
